<?xml version="1.0" encoding="UTF-8"?>
<!-- Generated by org.testng.reporters.JUnitReportReporter -->
<testsuite hostname="DESKTOP-16KD63Q" failures="0" tests="1" name="MvnProject.baseTest" time="18.167" errors="0" timestamp="2019-12-11T19:35:32 IST" skipped="0">
  <testcase classname="MvnProject.baseTest" name="initializeDriver" time="18.167"/>
</testsuite> <!-- MvnProject.baseTest -->
